2018-12-29 15:37:25,928 Test_Login.py INFO [line:26] 正在执行Test_Login
2018-12-29 15:37:25,928 Test_Login.py INFO [line:26] 正在执行Test_Login
2018-12-29 15:37:28,042 Test_Login.py INFO [line:38] 实例化LoginPage
2018-12-29 15:37:28,042 Test_Login.py INFO [line:38] 实例化LoginPage
2018-12-29 15:37:28,042 Test_Login.py INFO [line:42] 打开浏览器
2018-12-29 15:37:28,042 Test_Login.py INFO [line:42] 打开浏览器
2018-12-29 15:37:28,042 LoginPage.py INFO [line:28] open
2018-12-29 15:37:28,042 LoginPage.py INFO [line:28] open
2018-12-29 15:37:30,285 Test_Login.py INFO [line:45] 输入用户名密码
2018-12-29 15:37:30,285 Test_Login.py INFO [line:45] 输入用户名密码
2018-12-29 15:37:30,293 LoginPage.py INFO [line:32] input_username
2018-12-29 15:37:30,293 LoginPage.py INFO [line:32] input_username
2018-12-29 15:37:30,397 LoginPage.py INFO [line:36] input_password
2018-12-29 15:37:30,397 LoginPage.py INFO [line:36] input_password
2018-12-29 15:37:30,482 Test_Login.py INFO [line:49] 点击登录
2018-12-29 15:37:30,482 Test_Login.py INFO [line:49] 点击登录
2018-12-29 15:37:30,482 LoginPage.py INFO [line:40] click_submit
2018-12-29 15:37:30,482 LoginPage.py INFO [line:40] click_submit
2018-12-29 15:37:30,704 Test_Login.py INFO [line:52] 断言userid
2018-12-29 15:37:30,704 Test_Login.py INFO [line:52] 断言userid
2018-12-29 15:37:30,704 LoginPage.py INFO [line:44] show_userid
2018-12-29 15:37:30,704 LoginPage.py INFO [line:44] show_userid
